make all --print-data-base --no-builtin-variables --no-builtin-rules --question
# GNU Make 3.81
# Copyright (C) 2006  Free Software Foundation, Inc.
# This is free software; see the source for copying conditions.
# There is NO warranty; not even for MERCHANTABILITY or FITNESS FOR A
# PARTICULAR PURPOSE.

# This program built for i386-apple-darwin11.3.0

# Make data base, printed on Mon Jun 20 08:33:38 2022

# Variables

# automatic
<D = $(patsubst %/,%,$(dir $<))
# automatic
?F = $(notdir $?)
# environment
VIRTUALENVWRAPPER_PROJECT_FILENAME = .project
# environment
GREP_COLOR = 37;45
# environment
VSCODE_LOG_NATIVE = false
# environment
NVM_INC = /Users/carlomazzaferro/.nvm/versions/node/v16.3.0/include/node
# automatic
?D = $(patsubst %/,%,$(dir $?))
# automatic
@D = $(patsubst %/,%,$(dir $@))
# automatic
@F = $(notdir $@)
# makefile
CURDIR := /Users/carlomazzaferro/projects/eth/nxtp
# makefile
SHELL = /bin/sh
# environment
VSCODE_NLS_CONFIG = {"locale":"en-gb","availableLanguages":{},"_languagePackSupport":true}
# environment
_ = /usr/bin/make
# makefile
MAKEFILE_LIST := 
# environment
NOTION_TOKEN = secret_Fi6ugd7AIzj2Uip2cXboTDPElkubBNfPfRKEiS6Hw1R
# environment
LESS_TERMCAP_se = [0m
# environment
VSCODE_VERBOSE_LOGGING = true
# environment
__CFBundleIdentifier = com.microsoft.VSCode
# environment
VSCODE_IPC_HOOK_EXTHOST = /var/folders/2m/d1q0g9n13b1261sx_z67khbm0000gr/T/vscode-ipc-89f6ae46-247d-4efb-bb4d-9e36729bd98d.sock
# environment
VSCODE_CWD = /
# environment
LESS_TERMCAP_me = [0m
# environment
LESS_TERMCAP_mb = [01;31m
# environment
LSCOLORS = exfxcxdxbxGxDxabagacad
# environment
VSCODE_HANDLES_UNCAUGHT_ERRORS = true
# environment
NVM_BIN = /Users/carlomazzaferro/.nvm/versions/node/v16.3.0/bin
# environment
VIRTUALENVWRAPPER_PYTHON = /usr/bin/python3
# environment
VSCODE_LOG_STACK = false
# environment
ELECTRON_RUN_AS_NODE = 1
# default
.FEATURES := target-specific order-only second-expansion else-if archives jobserver check-symlink
# environment
VIRTUALENVWRAPPER_HOOK_DIR = /Users/carlomazzaferro/.virtualenvs
# environment
SSH_AUTH_SOCK = /private/tmp/com.apple.launchd.8KAXnz8o8s/Listeners
# automatic
%F = $(notdir $%)
# environment
DISPLAY = /private/tmp/com.apple.launchd.V6E1FyWuww/org.macosforge.xquartz:0
# environment
TTY = not a tty
# environment
VISUAL = nano
# environment
VSCODE_PIPE_LOGGING = true
# environment
FIG_PID = 65107
# environment
PWD = /Users/carlomazzaferro/projects/eth/nxtp
# environment
POETRY_VIRTUALENVS_PATH = /Users/carlomazzaferro/.virtualenvs
# environment
ORIGINAL_XDG_CURRENT_DESKTOP = undefined
# environment
LESS_TERMCAP_ue = [0m
# environment
VSCODE_AMD_ENTRYPOINT = vs/workbench/api/node/extensionHostProcess
# environment
HOME = /Users/carlomazzaferro
# default
MAKEFILEPATH = $(shell /usr/bin/xcode-select -print-path 2>/dev/null || echo /Developer)/Makefiles
# environment
VSCODE_CODE_CACHE_PATH = /Users/carlomazzaferro/Library/Application Support/Code/CachedData/30d9c6cd9483b2cc586687151bcbcd635f373630
# environment
LOGNAME = carlomazzaferro
# environment
APPLICATION_INSIGHTS_NO_DIAGNOSTIC_CHANNEL = 1
# environment
NVM_CD_FLAGS = -q
# automatic
+F = $(notdir $+)
# environment
WORKON_HOME = /Users/carlomazzaferro/.virtualenvs
# automatic
^D = $(patsubst %/,%,$(dir $^))
# environment
LESS_TERMCAP_md = [01;31m
# environment
XPC_FLAGS = 0x0
# default
MAKE = $(MAKE_COMMAND)
# default
MAKECMDGOALS := all
# environment
PATH = /Users/carlomazzaferro/.nvm/versions/node/v16.3.0/bin:/Library/Frameworks/Python.framework/Versions/3.10/bin/python3.10:/Library/Frameworks/Python.framework/Versions/3.10/bin:/Applications/Sublime Text.app/Contents/SharedSupport/bin:/usr/local/bin:/usr/local/sbin:/usr/bin:/bin:/usr/sbin:/sbin:/Library/TeX/texbin:/usr/local/go/bin:/opt/X11/bin:/Users/carlomazzaferro/.fig/bin:/Users/carlomazzaferro/.local/bin:/Users/carlomazzaferro/.local/bin:/Users/carlomazzaferro/.foundry/bin:/bin
# environment
SHLVL = 1
# environment
LESS_TERMCAP_so = [00;47;30m
# default
MAKE_VERSION := 3.81
# environment
USER = carlomazzaferro
# makefile
.DEFAULT_GOAL := 
# environment
LESS = -F -g -i -M -R -S -w -X -z-4
# automatic
%D = $(patsubst %/,%,$(dir $%))
# default
MAKE_COMMAND := /Library/Developer/CommandLineTools/usr/bin/make
# environment
GREP_COLORS = mt=37;45
# default
.VARIABLES := 
# environment
TMPDIR = /var/folders/2m/d1q0g9n13b1261sx_z67khbm0000gr/T/
# automatic
*F = $(notdir $*)
# environment
VSCODE_IPC_HOOK = /Users/carlomazzaferro/Library/Application Support/Code/1.68.1-main.sock
# makefile
MAKEFLAGS = Rrqp
# environment
MFLAGS = -Rrqp
# automatic
*D = $(patsubst %/,%,$(dir $*))
# environment
NVM_DIR = /Users/carlomazzaferro/.nvm
# environment
XPC_SERVICE_NAME = application.com.microsoft.VSCode.33518039.33518045
# environment
LESS_TERMCAP_us = [01;32m
# automatic
+D = $(patsubst %/,%,$(dir $+))
# environment
BROWSER = open
# environment
__CF_USER_TEXT_ENCODING = 0x1F8:0x0:0x0
# environment
COMMAND_MODE = unix2003
# default
MAKEFILES := 
# environment
VIRTUALENVWRAPPER_WORKON_CD = 1
# automatic
<F = $(notdir $<)
# environment
VIRTUALENVWRAPPER_SCRIPT = /Library/Frameworks/Python.framework/Versions/3.7/bin/virtualenvwrapper.sh
# environment
EDITOR = /usr/local/bin/subl
# environment
PAGER = less
# environment
LC_ALL = C
# automatic
^F = $(notdir $^)
# default
SUFFIXES := 
# default
.INCLUDE_DIRS = /usr/local/include
# environment
MAKELEVEL := 0
# environment
GPG_TTY = not a tty
# environment
LANG = C
# environment
VSCODE_PID = 65099
# variable set hash-table stats:
# Load=93/1024=9%, Rehash=0, Collisions=5/114=4%

# Pattern-specific Variable Values

# No pattern-specific variable values.

# Directories

# . (device 16777221, inode 25417552): 33 files, no impossibilities.

# 33 files, no impossibilities in 1 directories.

# Implicit Rules

# No implicit rules.

# Files

# Not a target:
all:
#  Command-line target.
#  Implicit rule search has been done.
#  File does not exist.
#  File has not been updated.
# variable set hash-table stats:
# Load=0/32=0%, Rehash=0, Collisions=0/0=0%

# Not a target:
.SUFFIXES:
#  Implicit rule search has not been done.
#  Modification time never checked.
#  File has not been updated.

# Not a target:
Makefile:
#  A default, MAKEFILES, or -include/sinclude makefile.
#  Implicit rule search has been done.
#  File does not exist.
#  File has been updated.
#  Failed to be updated.
# variable set hash-table stats:
# Load=0/32=0%, Rehash=0, Collisions=0/0=0%

# Not a target:
makefile:
#  A default, MAKEFILES, or -include/sinclude makefile.
#  Implicit rule search has been done.
#  File does not exist.
#  File has been updated.
#  Failed to be updated.
# variable set hash-table stats:
# Load=0/32=0%, Rehash=0, Collisions=0/0=0%

# Not a target:
.DEFAULT:
#  Implicit rule search has not been done.
#  Modification time never checked.
#  File has not been updated.

# Not a target:
GNUmakefile:
#  A default, MAKEFILES, or -include/sinclude makefile.
#  Implicit rule search has been done.
#  File does not exist.
#  File has been updated.
#  Failed to be updated.
# variable set hash-table stats:
# Load=0/32=0%, Rehash=0, Collisions=0/0=0%

# files hash-table stats:
# Load=6/1024=1%, Rehash=0, Collisions=0/17=0%
# VPATH Search Paths

# No `vpath' search paths.

# No general (`VPATH' variable) search path.

# # of strings in strcache: 0
# # of strcache buffers: 0
# strcache size: total = 0 / max = 0 / min = 4096 / avg = 0
# strcache free: total = 0 / max = 0 / min = 4096 / avg = 0

# Finished Make data base on Mon Jun 20 08:33:38 2022

 
make: *** No rule to make target `all'.  Stop.

